Sat Sep  1 06:00:05 2012 :: Booting Database
 0 0 0 0 0 0 0 0 0 0 0 0 0 0 0 0 0 0 0 0 0 0 0 0 0 0 0 0 0 0 0 0
Sat Sep  1 06:00:05 2012 :: [*****] BOOT: ---------------------[ Boot Log ]--------------------
Sat Sep  1 06:00:05 2012 :: Initializing libdl support...
Sat Sep  1 06:00:05 2012 :: Loading commands...
Sat Sep  1 06:00:06 2012 :: Loading spec_funs...
Sat Sep  1 06:00:06 2012 :: Loading sysdata configuration...
Sat Sep  1 06:00:06 2012 :: Loading socials
Sat Sep  1 06:00:06 2012 :: Loading skill table
Sat Sep  1 06:00:06 2012 :: Sorting skill table...
Sat Sep  1 06:00:06 2012 :: Creating skill table sorted by type...
Sat Sep  1 06:00:06 2012 :: Remapping slots to sns
Sat Sep  1 06:00:06 2012 :: Loading classes
Sat Sep  1 06:00:06 2012 :: Loading races
Sat Sep  1 06:00:06 2012 :: Loading news data
Sat Sep  1 06:00:06 2012 :: Loading fish name data
Sat Sep  1 06:00:06 2012 :: Loading liquids
Sat Sep  1 06:00:06 2012 :: Loading mixtures
Sat Sep  1 06:00:06 2012 :: Loading herb table
Sat Sep  1 06:00:06 2012 :: Loading tongues
Sat Sep  1 06:00:06 2012 :: Making wizlist
Sat Sep  1 06:00:06 2012 :: Building wizinfo
Sat Sep  1 06:00:06 2012 :: Loading MSSP Data...
Sat Sep  1 06:00:06 2012 :: Initializing random number generator
Sat Sep  1 06:00:06 2012 :: Setting time and weather.
Sat Sep  1 06:00:06 2012 :: Loading holiday chart...
Sat Sep  1 06:00:06 2012 :: Loading DNS cache...
Sat Sep  1 06:00:06 2012 :: Assigning gsn's
ASSIGN_GSN: Skill blindness not found.
Sat Sep  1 06:00:06 2012 :: Reading in area files...
(help.are)
limbo.are     : Rooms:     2 - 99    Objs:     2 - 99    Mobs:     1 - 99
gods.are      : Rooms:  1200 - 1201  Objs:  1200 - 1200  Mobs:  1200 - 1200
newacad.are   : Rooms: 10300 - 10499 Objs: 10300 - 10499 Mobs: 10300 - 10499
newgate.are   : Rooms:   100 - 199   Objs:   100 - 199   Mobs:   100 - 199
newdark.are   : Rooms: 21000 - 21499 Objs: 21000 - 21435 Mobs: 21000 - 21499
plains.are    : Rooms:   300 - 345   Objs:   300 - 313   Mobs:   300 - 350
haon.are      : Rooms:  6000 - 6156  Objs:  6000 - 6155  Mobs:  6000 - 6117
midennir.are  : Rooms:  3500 - 3590  Objs:  3500 - 3550  Mobs:  3500 - 3550
sewer.are     : Rooms:  7001 - 7445  Objs:  7190 - 7310  Mobs:  7000 - 7206
redferne.are  : Rooms:  7900 - 7918  Objs:  7909 - 7911  Mobs:  7900 - 7900
grove.are     : Rooms:  8901 - 8999  Objs:  8900 - 8919  Mobs:  8900 - 8911
dwarven.are   : Rooms:  6500 - 6554  Objs:  6502 - 6519  Mobs:  6500 - 6517
daycare.are   : Rooms:  6601 - 6651  Objs:  6600 - 6647  Mobs:  6600 - 6610
grave.are     : Rooms:  3600 - 3651  Objs:  3600 - 3613  Mobs:  3600 - 3605
chapel.are    : Rooms:  3405 - 3475  Objs:  3400 - 3430  Mobs:  3400 - 3416
astral.are    : Rooms:   800 - 899   Objs:   800 - 899   Mobs:   800 - 899
Build.are     : Rooms:  9500 - 9589  Objs:     0 - 0     Mobs:     0 - 0
pixie.are     : Rooms:  2070 - 2099  Objs:  2070 - 2077  Mobs:  2070 - 2073
export.are    : Rooms:  9810 - 9899  Objs:  9810 - 9899  Mobs:  9800 - 9899
srefuge.are   : Rooms:  1500 - 1599  Objs:  1500 - 1599  Mobs:  1500 - 1599
manor.are     : Rooms:  2400 - 2499  Objs:  2400 - 2499  Mobs:  2405 - 2484
unholy.are    : Rooms:  2101 - 2172  Objs:  2101 - 2150  Mobs:  2101 - 2120
gallery.are   : Rooms: 24800 - 24899 Objs: 24800 - 24899 Mobs: 24800 - 24899
immak.are     : Rooms:   400 - 449   Objs:   400 - 449   Mobs:   400 - 449
forgotten.are : Rooms:  5000 - 5099  Objs:  5000 - 5099  Mobs:  5000 - 5099
immakwoods.are: Rooms:  8000 - 8099  Objs:  8000 - 8099  Mobs:  8000 - 8099
newbie.are    : Rooms:  8100 - 8149  Objs:  8100 - 8149  Mobs:  8100 - 8149
sedna.are     : Rooms:  5100 - 5199  Objs:  5100 - 5199  Mobs:  5100 - 5199
Sat Sep  1 06:00:06 2012 :: [*****] BUG: Get_obj_index: bad vnum 33121.
Sat Sep  1 06:00:06 2012 :: [*****] FILE: desert.are LINE: 3560
Sat Sep  1 06:00:06 2012 :: [*****] BOOT: load_room_reset: desert.are (1) 'E': object 33121 doesn't exist.
Sat Sep  1 06:00:06 2012 :: [*****] BUG: Get_obj_index: bad vnum 33122.
Sat Sep  1 06:00:06 2012 :: [*****] FILE: desert.are LINE: 3561
Sat Sep  1 06:00:06 2012 :: [*****] BOOT: load_room_reset: desert.are (1) 'E': object 33122 doesn't exist.
Sat Sep  1 06:00:06 2012 :: [*****] BUG: Get_obj_index: bad vnum 33123.
Sat Sep  1 06:00:06 2012 :: [*****] FILE: desert.are LINE: 3562
Sat Sep  1 06:00:06 2012 :: [*****] BOOT: load_room_reset: desert.are (1) 'E': object 33123 doesn't exist.
Sat Sep  1 06:00:06 2012 :: [*****] BUG: Get_obj_index: bad vnum 33139.
Sat Sep  1 06:00:06 2012 :: [*****] FILE: desert.are LINE: 3616
Sat Sep  1 06:00:06 2012 :: [*****] BOOT: load_room_reset: desert.are (1) 'E': object 33139 doesn't exist.
Sat Sep  1 06:00:06 2012 :: [*****] BUG: Get_obj_index: bad vnum 33123.
Sat Sep  1 06:00:06 2012 :: [*****] FILE: desert.are LINE: 3617
Sat Sep  1 06:00:06 2012 :: [*****] BOOT: load_room_reset: desert.are (1) 'E': object 33123 doesn't exist.
Sat Sep  1 06:00:06 2012 :: [*****] BUG: Get_obj_index: bad vnum 33138.
Sat Sep  1 06:00:06 2012 :: [*****] FILE: desert.are LINE: 3618
Sat Sep  1 06:00:06 2012 :: [*****] BOOT: load_room_reset: desert.are (1) 'E': object 33138 doesn't exist.
Sat Sep  1 06:00:06 2012 :: [*****] BUG: Get_obj_index: bad vnum 33137.
Sat Sep  1 06:00:06 2012 :: [*****] FILE: desert.are LINE: 3619
Sat Sep  1 06:00:06 2012 :: [*****] BOOT: load_room_reset: desert.are (1) 'E': object 33137 doesn't exist.
Sat Sep  1 06:00:06 2012 :: [*****] BUG: Get_obj_index: bad vnum 33134.
Sat Sep  1 06:00:06 2012 :: [*****] FILE: desert.are LINE: 3666
Sat Sep  1 06:00:06 2012 :: [*****] BOOT: load_room_reset: desert.are (1) 'E': object 33134 doesn't exist.
Sat Sep  1 06:00:06 2012 :: [*****] BUG: Get_obj_index: bad vnum 33138.
Sat Sep  1 06:00:06 2012 :: [*****] FILE: desert.are LINE: 3667
Sat Sep  1 06:00:06 2012 :: [*****] BOOT: load_room_reset: desert.are (1) 'E': object 33138 doesn't exist.
Sat Sep  1 06:00:06 2012 :: [*****] BUG: Get_obj_index: bad vnum 33164.
Sat Sep  1 06:00:06 2012 :: [*****] FILE: desert.are LINE: 3706
Sat Sep  1 06:00:06 2012 :: [*****] BOOT: load_room_reset: desert.are (1) 'E': object 33164 doesn't exist.
Sat Sep  1 06:00:06 2012 :: [*****] BUG: Get_obj_index: bad vnum 33165.
Sat Sep  1 06:00:06 2012 :: [*****] FILE: desert.are LINE: 3707
Sat Sep  1 06:00:06 2012 :: [*****] BOOT: load_room_reset: desert.are (1) 'E': object 33165 doesn't exist.
Sat Sep  1 06:00:06 2012 :: [*****] BUG: Get_obj_index: bad vnum 33166.
Sat Sep  1 06:00:06 2012 :: [*****] FILE: desert.are LINE: 3708
Sat Sep  1 06:00:06 2012 :: [*****] BOOT: load_room_reset: desert.are (1) 'E': object 33166 doesn't exist.
Sat Sep  1 06:00:06 2012 :: [*****] BUG: Get_obj_index: bad vnum 33128.
Sat Sep  1 06:00:06 2012 :: [*****] FILE: desert.are LINE: 3875
Sat Sep  1 06:00:06 2012 :: [*****] BOOT: load_room_reset: desert.are (1) 'E': object 33128 doesn't exist.
Sat Sep  1 06:00:06 2012 :: [*****] BUG: Get_obj_index: bad vnum 33129.
Sat Sep  1 06:00:06 2012 :: [*****] FILE: desert.are LINE: 3876
Sat Sep  1 06:00:06 2012 :: [*****] BOOT: load_room_reset: desert.are (1) 'E': object 33129 doesn't exist.
Sat Sep  1 06:00:06 2012 :: [*****] BUG: Get_obj_index: bad vnum 33130.
Sat Sep  1 06:00:06 2012 :: [*****] FILE: desert.are LINE: 3877
Sat Sep  1 06:00:06 2012 :: [*****] BOOT: load_room_reset: desert.are (1) 'E': object 33130 doesn't exist.
Sat Sep  1 06:00:06 2012 :: [*****] BUG: Get_obj_index: bad vnum 33131.
Sat Sep  1 06:00:06 2012 :: [*****] FILE: desert.are LINE: 3878
Sat Sep  1 06:00:06 2012 :: [*****] BOOT: load_room_reset: desert.are (1) 'E': object 33131 doesn't exist.
Sat Sep  1 06:00:06 2012 :: [*****] BUG: Get_obj_index: bad vnum 33132.
Sat Sep  1 06:00:06 2012 :: [*****] FILE: desert.are LINE: 3879
Sat Sep  1 06:00:06 2012 :: [*****] BOOT: load_room_reset: desert.are (1) 'E': object 33132 doesn't exist.
Sat Sep  1 06:00:06 2012 :: [*****] BUG: Get_obj_index: bad vnum 33126.
Sat Sep  1 06:00:06 2012 :: [*****] FILE: desert.are LINE: 3913
Sat Sep  1 06:00:06 2012 :: [*****] BOOT: load_room_reset: desert.are (1) 'E': object 33126 doesn't exist.
Sat Sep  1 06:00:06 2012 :: [*****] BUG: Get_obj_index: bad vnum 33160.
Sat Sep  1 06:00:06 2012 :: [*****] FILE: desert.are LINE: 6678
Sat Sep  1 06:00:06 2012 :: [*****] BOOT: load_room_reset: desert.are (1) 'E': object 33160 doesn't exist.
Sat Sep  1 06:00:06 2012 :: [*****] BUG: Get_obj_index: bad vnum 33123.
Sat Sep  1 06:00:06 2012 :: [*****] FILE: desert.are LINE: 6716
Sat Sep  1 06:00:06 2012 :: [*****] BOOT: load_room_reset: desert.are (1) 'E': object 33123 doesn't exist.
Sat Sep  1 06:00:06 2012 :: [*****] BUG: Get_obj_index: bad vnum 33147.
Sat Sep  1 06:00:06 2012 :: [*****] FILE: desert.are LINE: 6717
Sat Sep  1 06:00:06 2012 :: [*****] BOOT: load_room_reset: desert.are (1) 'E': object 33147 doesn't exist.
Sat Sep  1 06:00:06 2012 :: [*****] BUG: Get_obj_index: bad vnum 33153.
Sat Sep  1 06:00:06 2012 :: [*****] FILE: desert.are LINE: 6788
Sat Sep  1 06:00:06 2012 :: [*****] BOOT: load_room_reset: desert.are (1) 'E': object 33153 doesn't exist.
Sat Sep  1 06:00:06 2012 :: [*****] BUG: Get_obj_index: bad vnum 33156.
Sat Sep  1 06:00:06 2012 :: [*****] FILE: desert.are LINE: 6789
Sat Sep  1 06:00:06 2012 :: [*****] BOOT: load_room_reset: desert.are (1) 'E': object 33156 doesn't exist.
Sat Sep  1 06:00:06 2012 :: [*****] BUG: Get_obj_index: bad vnum 33179.
Sat Sep  1 06:00:06 2012 :: [*****] FILE: desert.are LINE: 8512
Sat Sep  1 06:00:06 2012 :: [*****] BOOT: load_room_reset: desert.are (1) 'G': object 33179 doesn't exist.
Sat Sep  1 06:00:06 2012 :: [*****] BUG: Get_obj_index: bad vnum 33180.
Sat Sep  1 06:00:06 2012 :: [*****] FILE: desert.are LINE: 8513
Sat Sep  1 06:00:06 2012 :: [*****] BOOT: load_room_reset: desert.are (1) 'G': object 33180 doesn't exist.
Sat Sep  1 06:00:06 2012 :: [*****] BUG: Get_obj_index: bad vnum 33181.
Sat Sep  1 06:00:06 2012 :: [*****] FILE: desert.are LINE: 8514
Sat Sep  1 06:00:06 2012 :: [*****] BOOT: load_room_reset: desert.are (1) 'G': object 33181 doesn't exist.
Sat Sep  1 06:00:06 2012 :: [*****] BUG: Get_obj_index: bad vnum 33182.
Sat Sep  1 06:00:06 2012 :: [*****] FILE: desert.are LINE: 8515
Sat Sep  1 06:00:06 2012 :: [*****] BOOT: load_room_reset: desert.are (1) 'G': object 33182 doesn't exist.
Sat Sep  1 06:00:06 2012 :: [*****] BUG: Get_obj_index: bad vnum 33168.
Sat Sep  1 06:00:06 2012 :: [*****] FILE: desert.are LINE: 8570
Sat Sep  1 06:00:06 2012 :: [*****] BOOT: load_room_reset: desert.are (1) 'E': object 33168 doesn't exist.
Sat Sep  1 06:00:06 2012 :: [*****] BUG: Get_obj_index: bad vnum 33169.
Sat Sep  1 06:00:06 2012 :: [*****] FILE: desert.are LINE: 8571
Sat Sep  1 06:00:06 2012 :: [*****] BOOT: load_room_reset: desert.are (1) 'E': object 33169 doesn't exist.
Sat Sep  1 06:00:06 2012 :: [*****] BUG: Get_obj_index: bad vnum 33123.
Sat Sep  1 06:00:06 2012 :: [*****] FILE: desert.are LINE: 8624
Sat Sep  1 06:00:06 2012 :: [*****] BOOT: load_room_reset: desert.are (1) 'E': object 33123 doesn't exist.
desert.are    : Rooms: 31000 - 31225 Objs: 31000 - 31063 Mobs: 31000 - 31034
Sat Sep  1 06:00:06 2012 :: Fixing exits
Sat Sep  1 06:00:06 2012 :: Initializing economy
Sat Sep  1 06:00:06 2012 :: Resetting areas
Sat Sep  1 06:00:06 2012 :: [*****] BUG: reset_room: desert.are: 'E' or 'G': bad obj vnum 33121.
Sat Sep  1 06:00:06 2012 :: [*****] BUG: reset_room: desert.are: 'E' or 'G': bad obj vnum 33122.
Sat Sep  1 06:00:06 2012 :: [*****] BUG: reset_room: desert.are: 'E' or 'G': bad obj vnum 33123.
Sat Sep  1 06:00:06 2012 :: [*****] BUG: reset_room: desert.are: 'E' or 'G': bad obj vnum 33139.
Sat Sep  1 06:00:06 2012 :: [*****] BUG: reset_room: desert.are: 'E' or 'G': bad obj vnum 33123.
Sat Sep  1 06:00:06 2012 :: [*****] BUG: reset_room: desert.are: 'E' or 'G': bad obj vnum 33138.
Sat Sep  1 06:00:06 2012 :: [*****] BUG: reset_room: desert.are: 'E' or 'G': bad obj vnum 33137.
Sat Sep  1 06:00:06 2012 :: [*****] BUG: reset_room: desert.are: 'E' or 'G': bad obj vnum 33134.
Sat Sep  1 06:00:06 2012 :: [*****] BUG: reset_room: desert.are: 'E' or 'G': bad obj vnum 33138.
Sat Sep  1 06:00:06 2012 :: [*****] BUG: reset_room: desert.are: 'E' or 'G': bad obj vnum 33164.
Sat Sep  1 06:00:06 2012 :: [*****] BUG: reset_room: desert.are: 'E' or 'G': bad obj vnum 33165.
Sat Sep  1 06:00:06 2012 :: [*****] BUG: reset_room: desert.are: 'E' or 'G': bad obj vnum 33166.
Sat Sep  1 06:00:06 2012 :: [*****] BUG: reset_room: desert.are: 'E' or 'G': bad obj vnum 33128.
Sat Sep  1 06:00:06 2012 :: [*****] BUG: reset_room: desert.are: 'E' or 'G': bad obj vnum 33129.
Sat Sep  1 06:00:06 2012 :: [*****] BUG: reset_room: desert.are: 'E' or 'G': bad obj vnum 33130.
Sat Sep  1 06:00:06 2012 :: [*****] BUG: reset_room: desert.are: 'E' or 'G': bad obj vnum 33131.
Sat Sep  1 06:00:06 2012 :: [*****] BUG: reset_room: desert.are: 'E' or 'G': bad obj vnum 33132.
Sat Sep  1 06:00:06 2012 :: [*****] BUG: reset_room: desert.are: 'E' or 'G': bad obj vnum 33126.
Sat Sep  1 06:00:06 2012 :: [*****] BUG: reset_room: desert.are: 'E' or 'G': bad obj vnum 33160.
Sat Sep  1 06:00:06 2012 :: [*****] BUG: reset_room: desert.are: 'E' or 'G': bad obj vnum 33123.
Sat Sep  1 06:00:06 2012 :: [*****] BUG: reset_room: desert.are: 'E' or 'G': bad obj vnum 33147.
Sat Sep  1 06:00:06 2012 :: [*****] BUG: reset_room: desert.are: 'E' or 'G': bad obj vnum 33153.
Sat Sep  1 06:00:06 2012 :: [*****] BUG: reset_room: desert.are: 'E' or 'G': bad obj vnum 33156.
Sat Sep  1 06:00:06 2012 :: [*****] BUG: reset_room: desert.are: 'E' or 'G': bad obj vnum 33179.
Sat Sep  1 06:00:06 2012 :: [*****] BUG: reset_room: desert.are: 'E' or 'G': bad obj vnum 33180.
Sat Sep  1 06:00:06 2012 :: [*****] BUG: reset_room: desert.are: 'E' or 'G': bad obj vnum 33181.
Sat Sep  1 06:00:06 2012 :: [*****] BUG: reset_room: desert.are: 'E' or 'G': bad obj vnum 33182.
Sat Sep  1 06:00:06 2012 :: [*****] BUG: reset_room: desert.are: 'E' or 'G': bad obj vnum 33168.
Sat Sep  1 06:00:06 2012 :: [*****] BUG: reset_room: desert.are: 'E' or 'G': bad obj vnum 33169.
Sat Sep  1 06:00:06 2012 :: [*****] BUG: reset_room: desert.are: 'E' or 'G': bad obj vnum 33123.
Sat Sep  1 06:00:06 2012 :: Loading buildlist
Sat Sep  1 06:00:06 2012 :: ../gods/Wulfen
Sat Sep  1 06:00:06 2012 :: ../gods/Shadwen
Sat Sep  1 06:00:06 2012 :: ../gods/Alyarta
Sat Sep  1 06:00:06 2012 :: ../gods/Zoie
Sat Sep  1 06:00:06 2012 :: ../gods/Chieftain
Sat Sep  1 06:00:06 2012 :: Loading boards
Sat Sep  1 06:00:06 2012 :: ../boards/immortal.brd
Sat Sep  1 06:00:06 2012 :: ../boards/highgod.brd
Sat Sep  1 06:00:06 2012 :: Loading Global Boards
Sat Sep  1 06:00:06 2012 :: Loading clans
Sat Sep  1 06:00:06 2012 :: Loading clans...
Sat Sep  1 06:00:06 2012 :: vampire.gui
Sat Sep  1 06:00:06 2012 :: Cannot open clan vault
Sat Sep  1 06:00:06 2012 :: druid.gui
Sat Sep  1 06:00:06 2012 :: Cannot open clan vault
Sat Sep  1 06:00:06 2012 :: warrior.gui
Sat Sep  1 06:00:06 2012 :: Cannot open clan vault
Sat Sep  1 06:00:06 2012 :: augurer.gui
Sat Sep  1 06:00:06 2012 :: Cannot open clan vault
Sat Sep  1 06:00:06 2012 :: thief.gui
Sat Sep  1 06:00:06 2012 :: Cannot open clan vault
Sat Sep  1 06:00:06 2012 :: cleric.gui
Sat Sep  1 06:00:06 2012 :: Cannot open clan vault
Sat Sep  1 06:00:06 2012 :: mage.gui
Sat Sep  1 06:00:06 2012 :: Cannot open clan vault
Sat Sep  1 06:00:06 2012 :: ranger.gui
Sat Sep  1 06:00:06 2012 :: Cannot open clan vault
Sat Sep  1 06:00:06 2012 :: $
Sat Sep  1 06:00:06 2012 ::  Done clans 
Sat Sep  1 06:00:06 2012 :: Loading councils
Sat Sep  1 06:00:06 2012 :: Loading councils...
Sat Sep  1 06:00:06 2012 :: $
Sat Sep  1 06:00:06 2012 ::  Done councils 
Sat Sep  1 06:00:06 2012 :: Loading deities
Sat Sep  1 06:00:06 2012 :: Loading deities...
Sat Sep  1 06:00:06 2012 :: the
Sat Sep  1 06:00:06 2012 :: [*****] BUG: Cannot load deity file: the
Sat Sep  1 06:00:06 2012 :: teacher
Sat Sep  1 06:00:06 2012 :: [*****] BUG: Cannot load deity file: teacher
Sat Sep  1 06:00:06 2012 :: $
Sat Sep  1 06:00:06 2012 ::  Done deities 
Sat Sep  1 06:00:06 2012 :: Loading watches
Sat Sep  1 06:00:06 2012 :: Loading bans
Sat Sep  1 06:00:06 2012 :: Done.
Sat Sep  1 06:00:06 2012 :: Loading reserved names
Sat Sep  1 06:00:06 2012 :: Loading corpses
Sat Sep  1 06:00:06 2012 :: Loading Immortal Hosts
Sat Sep  1 06:00:06 2012 :: Done.
Sat Sep  1 06:00:06 2012 :: Loading bounties
Sat Sep  1 06:00:06 2012 :: Done.
Sat Sep  1 06:00:06 2012 :: Loading Morphs
Sat Sep  1 06:00:06 2012 :: Done.
Sat Sep  1 06:00:06 2012 :: Initializing socket
Sat Sep  1 06:00:06 2012 :: Njata ready on port 6500.
Sat Sep  1 09:08:03 2012 :: Preloading player data for: Zoie (2K)
Sat Sep  1 09:08:03 2012 :: Creating area entry for Zoie
Sat Sep  1 09:08:14 2012 :: Loading player data for: Zoie (2K)
Sat Sep  1 09:08:14 2012 :: Updating area entry for Zoie
Sat Sep  1 09:08:14 2012 :: Zoie (208.54.32.176) has connected.
Sat Sep  1 09:14:02 2012 :: Zoie has quit (Room 436).
Sat Sep  1 09:47:51 2012 :: Preloading player data for: Zoie (2K)
Sat Sep  1 09:47:51 2012 :: Updating area entry for Zoie
Sat Sep  1 09:47:56 2012 :: Loading player data for: Zoie (2K)
Sat Sep  1 09:47:56 2012 :: Updating area entry for Zoie
Sat Sep  1 09:47:56 2012 :: Zoie (208.54.32.176) has connected.
Sat Sep  1 09:49:11 2012 :: Log Zoie: sset 101 name focus
Sat Sep  1 09:51:07 2012 :: Log Zoie: sset save skill table
Sat Sep  1 09:51:19 2012 :: Log Zoie: hotboot
Sat Sep  1 09:51:19 2012 :: Hotboot initiated by Zoie.
Sat Sep  1 09:51:19 2012 :: Preserving world state....
Sat Sep  1 09:51:19 2012 :: Saving player files and connection states....
Sat Sep  1 09:51:19 2012 :: Executing hotboot....
Sat Sep  1 09:51:19 2012 :: Booting Database
 0 0 0 0 0 0 0 0 0 0 0 0 0 0 0 0 0 0 0 0 0 0 0 0 0 0 0 0 0 0 0 0
Sat Sep  1 09:51:19 2012 :: [*****] BOOT: ---------------------[ Boot Log ]--------------------
Sat Sep  1 09:51:19 2012 :: Initializing libdl support...
Sat Sep  1 09:51:19 2012 :: Loading commands...
Sat Sep  1 09:51:19 2012 :: Loading spec_funs...
Sat Sep  1 09:51:19 2012 :: Loading sysdata configuration...
Sat Sep  1 09:51:19 2012 :: Loading socials
Sat Sep  1 09:51:19 2012 :: Loading skill table
Sat Sep  1 09:51:19 2012 :: Sorting skill table...
Sat Sep  1 09:51:19 2012 :: Creating skill table sorted by type...
Sat Sep  1 09:51:19 2012 :: Remapping slots to sns
Sat Sep  1 09:51:19 2012 :: Loading classes
Sat Sep  1 09:51:19 2012 :: Loading races
Sat Sep  1 09:51:19 2012 :: Loading news data
Sat Sep  1 09:51:19 2012 :: Loading fish name data
Sat Sep  1 09:51:19 2012 :: Loading liquids
Sat Sep  1 09:51:19 2012 :: Loading mixtures
Sat Sep  1 09:51:19 2012 :: Loading herb table
Sat Sep  1 09:51:19 2012 :: Loading tongues
Sat Sep  1 09:51:19 2012 :: Making wizlist
Sat Sep  1 09:51:19 2012 :: Building wizinfo
Sat Sep  1 09:51:19 2012 :: Loading MSSP Data...
Sat Sep  1 09:51:19 2012 :: Initializing random number generator
Sat Sep  1 09:51:19 2012 :: Setting time and weather.
Sat Sep  1 09:51:19 2012 :: Loading holiday chart...
Sat Sep  1 09:51:19 2012 :: Loading DNS cache...
Sat Sep  1 09:51:19 2012 :: Assigning gsn's
ASSIGN_GSN: Skill blindness not found.
Sat Sep  1 09:51:19 2012 :: Reading in area files...
(help.are)
limbo.are     : Rooms:     2 - 99    Objs:     2 - 99    Mobs:     1 - 99
gods.are      : Rooms:  1200 - 1201  Objs:  1200 - 1200  Mobs:  1200 - 1200
newacad.are   : Rooms: 10300 - 10499 Objs: 10300 - 10499 Mobs: 10300 - 10499
newgate.are   : Rooms:   100 - 199   Objs:   100 - 199   Mobs:   100 - 199
newdark.are   : Rooms: 21000 - 21499 Objs: 21000 - 21435 Mobs: 21000 - 21499
plains.are    : Rooms:   300 - 345   Objs:   300 - 313   Mobs:   300 - 350
haon.are      : Rooms:  6000 - 6156  Objs:  6000 - 6155  Mobs:  6000 - 6117
midennir.are  : Rooms:  3500 - 3590  Objs:  3500 - 3550  Mobs:  3500 - 3550
sewer.are     : Rooms:  7001 - 7445  Objs:  7190 - 7310  Mobs:  7000 - 7206
redferne.are  : Rooms:  7900 - 7918  Objs:  7909 - 7911  Mobs:  7900 - 7900
grove.are     : Rooms:  8901 - 8999  Objs:  8900 - 8919  Mobs:  8900 - 8911
dwarven.are   : Rooms:  6500 - 6554  Objs:  6502 - 6519  Mobs:  6500 - 6517
daycare.are   : Rooms:  6601 - 6651  Objs:  6600 - 6647  Mobs:  6600 - 6610
grave.are     : Rooms:  3600 - 3651  Objs:  3600 - 3613  Mobs:  3600 - 3605
chapel.are    : Rooms:  3405 - 3475  Objs:  3400 - 3430  Mobs:  3400 - 3416
astral.are    : Rooms:   800 - 899   Objs:   800 - 899   Mobs:   800 - 899
Build.are     : Rooms:  9500 - 9589  Objs:     0 - 0     Mobs:     0 - 0
pixie.are     : Rooms:  2070 - 2099  Objs:  2070 - 2077  Mobs:  2070 - 2073
export.are    : Rooms:  9810 - 9899  Objs:  9810 - 9899  Mobs:  9800 - 9899
srefuge.are   : Rooms:  1500 - 1599  Objs:  1500 - 1599  Mobs:  1500 - 1599
manor.are     : Rooms:  2400 - 2499  Objs:  2400 - 2499  Mobs:  2405 - 2484
unholy.are    : Rooms:  2101 - 2172  Objs:  2101 - 2150  Mobs:  2101 - 2120
gallery.are   : Rooms: 24800 - 24899 Objs: 24800 - 24899 Mobs: 24800 - 24899
immak.are     : Rooms:   400 - 449   Objs:   400 - 449   Mobs:   400 - 449
forgotten.are : Rooms:  5000 - 5099  Objs:  5000 - 5099  Mobs:  5000 - 5099
immakwoods.are: Rooms:  8000 - 8099  Objs:  8000 - 8099  Mobs:  8000 - 8099
newbie.are    : Rooms:  8100 - 8149  Objs:  8100 - 8149  Mobs:  8100 - 8149
sedna.are     : Rooms:  5100 - 5199  Objs:  5100 - 5199  Mobs:  5100 - 5199
Sat Sep  1 09:51:19 2012 :: [*****] BUG: Get_obj_index: bad vnum 33121.
Sat Sep  1 09:51:19 2012 :: [*****] FILE: desert.are LINE: 3560
Sat Sep  1 09:51:19 2012 :: [*****] BOOT: load_room_reset: desert.are (1) 'E': object 33121 doesn't exist.
Sat Sep  1 09:51:19 2012 :: [*****] BUG: Get_obj_index: bad vnum 33122.
Sat Sep  1 09:51:19 2012 :: [*****] FILE: desert.are LINE: 3561
Sat Sep  1 09:51:19 2012 :: [*****] BOOT: load_room_reset: desert.are (1) 'E': object 33122 doesn't exist.
Sat Sep  1 09:51:19 2012 :: [*****] BUG: Get_obj_index: bad vnum 33123.
Sat Sep  1 09:51:19 2012 :: [*****] FILE: desert.are LINE: 3562
Sat Sep  1 09:51:19 2012 :: [*****] BOOT: load_room_reset: desert.are (1) 'E': object 33123 doesn't exist.
Sat Sep  1 09:51:19 2012 :: [*****] BUG: Get_obj_index: bad vnum 33139.
Sat Sep  1 09:51:19 2012 :: [*****] FILE: desert.are LINE: 3616
Sat Sep  1 09:51:19 2012 :: [*****] BOOT: load_room_reset: desert.are (1) 'E': object 33139 doesn't exist.
Sat Sep  1 09:51:19 2012 :: [*****] BUG: Get_obj_index: bad vnum 33123.
Sat Sep  1 09:51:19 2012 :: [*****] FILE: desert.are LINE: 3617
Sat Sep  1 09:51:19 2012 :: [*****] BOOT: load_room_reset: desert.are (1) 'E': object 33123 doesn't exist.
Sat Sep  1 09:51:19 2012 :: [*****] BUG: Get_obj_index: bad vnum 33138.
Sat Sep  1 09:51:19 2012 :: [*****] FILE: desert.are LINE: 3618
Sat Sep  1 09:51:19 2012 :: [*****] BOOT: load_room_reset: desert.are (1) 'E': object 33138 doesn't exist.
Sat Sep  1 09:51:19 2012 :: [*****] BUG: Get_obj_index: bad vnum 33137.
Sat Sep  1 09:51:19 2012 :: [*****] FILE: desert.are LINE: 3619
Sat Sep  1 09:51:19 2012 :: [*****] BOOT: load_room_reset: desert.are (1) 'E': object 33137 doesn't exist.
Sat Sep  1 09:51:19 2012 :: [*****] BUG: Get_obj_index: bad vnum 33134.
Sat Sep  1 09:51:19 2012 :: [*****] FILE: desert.are LINE: 3666
Sat Sep  1 09:51:19 2012 :: [*****] BOOT: load_room_reset: desert.are (1) 'E': object 33134 doesn't exist.
Sat Sep  1 09:51:19 2012 :: [*****] BUG: Get_obj_index: bad vnum 33138.
Sat Sep  1 09:51:19 2012 :: [*****] FILE: desert.are LINE: 3667
Sat Sep  1 09:51:19 2012 :: [*****] BOOT: load_room_reset: desert.are (1) 'E': object 33138 doesn't exist.
Sat Sep  1 09:51:19 2012 :: [*****] BUG: Get_obj_index: bad vnum 33164.
Sat Sep  1 09:51:19 2012 :: [*****] FILE: desert.are LINE: 3706
Sat Sep  1 09:51:19 2012 :: [*****] BOOT: load_room_reset: desert.are (1) 'E': object 33164 doesn't exist.
Sat Sep  1 09:51:19 2012 :: [*****] BUG: Get_obj_index: bad vnum 33165.
Sat Sep  1 09:51:19 2012 :: [*****] FILE: desert.are LINE: 3707
Sat Sep  1 09:51:19 2012 :: [*****] BOOT: load_room_reset: desert.are (1) 'E': object 33165 doesn't exist.
Sat Sep  1 09:51:19 2012 :: [*****] BUG: Get_obj_index: bad vnum 33166.
Sat Sep  1 09:51:19 2012 :: [*****] FILE: desert.are LINE: 3708
Sat Sep  1 09:51:19 2012 :: [*****] BOOT: load_room_reset: desert.are (1) 'E': object 33166 doesn't exist.
Sat Sep  1 09:51:19 2012 :: [*****] BUG: Get_obj_index: bad vnum 33128.
Sat Sep  1 09:51:19 2012 :: [*****] FILE: desert.are LINE: 3875
Sat Sep  1 09:51:19 2012 :: [*****] BOOT: load_room_reset: desert.are (1) 'E': object 33128 doesn't exist.
Sat Sep  1 09:51:19 2012 :: [*****] BUG: Get_obj_index: bad vnum 33129.
Sat Sep  1 09:51:19 2012 :: [*****] FILE: desert.are LINE: 3876
Sat Sep  1 09:51:19 2012 :: [*****] BOOT: load_room_reset: desert.are (1) 'E': object 33129 doesn't exist.
Sat Sep  1 09:51:19 2012 :: [*****] BUG: Get_obj_index: bad vnum 33130.
Sat Sep  1 09:51:19 2012 :: [*****] FILE: desert.are LINE: 3877
Sat Sep  1 09:51:19 2012 :: [*****] BOOT: load_room_reset: desert.are (1) 'E': object 33130 doesn't exist.
Sat Sep  1 09:51:19 2012 :: [*****] BUG: Get_obj_index: bad vnum 33131.
Sat Sep  1 09:51:19 2012 :: [*****] FILE: desert.are LINE: 3878
Sat Sep  1 09:51:19 2012 :: [*****] BOOT: load_room_reset: desert.are (1) 'E': object 33131 doesn't exist.
Sat Sep  1 09:51:19 2012 :: [*****] BUG: Get_obj_index: bad vnum 33132.
Sat Sep  1 09:51:19 2012 :: [*****] FILE: desert.are LINE: 3879
Sat Sep  1 09:51:19 2012 :: [*****] BOOT: load_room_reset: desert.are (1) 'E': object 33132 doesn't exist.
Sat Sep  1 09:51:19 2012 :: [*****] BUG: Get_obj_index: bad vnum 33126.
Sat Sep  1 09:51:19 2012 :: [*****] FILE: desert.are LINE: 3913
Sat Sep  1 09:51:19 2012 :: [*****] BOOT: load_room_reset: desert.are (1) 'E': object 33126 doesn't exist.
Sat Sep  1 09:51:19 2012 :: [*****] BUG: Get_obj_index: bad vnum 33160.
Sat Sep  1 09:51:19 2012 :: [*****] FILE: desert.are LINE: 6678
Sat Sep  1 09:51:19 2012 :: [*****] BOOT: load_room_reset: desert.are (1) 'E': object 33160 doesn't exist.
Sat Sep  1 09:51:19 2012 :: [*****] BUG: Get_obj_index: bad vnum 33123.
Sat Sep  1 09:51:19 2012 :: [*****] FILE: desert.are LINE: 6716
Sat Sep  1 09:51:19 2012 :: [*****] BOOT: load_room_reset: desert.are (1) 'E': object 33123 doesn't exist.
Sat Sep  1 09:51:19 2012 :: [*****] BUG: Get_obj_index: bad vnum 33147.
Sat Sep  1 09:51:19 2012 :: [*****] FILE: desert.are LINE: 6717
Sat Sep  1 09:51:19 2012 :: [*****] BOOT: load_room_reset: desert.are (1) 'E': object 33147 doesn't exist.
Sat Sep  1 09:51:19 2012 :: [*****] BUG: Get_obj_index: bad vnum 33153.
Sat Sep  1 09:51:19 2012 :: [*****] FILE: desert.are LINE: 6788
Sat Sep  1 09:51:19 2012 :: [*****] BOOT: load_room_reset: desert.are (1) 'E': object 33153 doesn't exist.
Sat Sep  1 09:51:19 2012 :: [*****] BUG: Get_obj_index: bad vnum 33156.
Sat Sep  1 09:51:19 2012 :: [*****] FILE: desert.are LINE: 6789
Sat Sep  1 09:51:19 2012 :: [*****] BOOT: load_room_reset: desert.are (1) 'E': object 33156 doesn't exist.
Sat Sep  1 09:51:19 2012 :: [*****] BUG: Get_obj_index: bad vnum 33179.
Sat Sep  1 09:51:19 2012 :: [*****] FILE: desert.are LINE: 8512
Sat Sep  1 09:51:19 2012 :: [*****] BOOT: load_room_reset: desert.are (1) 'G': object 33179 doesn't exist.
Sat Sep  1 09:51:19 2012 :: [*****] BUG: Get_obj_index: bad vnum 33180.
Sat Sep  1 09:51:19 2012 :: [*****] FILE: desert.are LINE: 8513
Sat Sep  1 09:51:19 2012 :: [*****] BOOT: load_room_reset: desert.are (1) 'G': object 33180 doesn't exist.
Sat Sep  1 09:51:19 2012 :: [*****] BUG: Get_obj_index: bad vnum 33181.
Sat Sep  1 09:51:19 2012 :: [*****] FILE: desert.are LINE: 8514
Sat Sep  1 09:51:19 2012 :: [*****] BOOT: load_room_reset: desert.are (1) 'G': object 33181 doesn't exist.
Sat Sep  1 09:51:19 2012 :: [*****] BUG: Get_obj_index: bad vnum 33182.
Sat Sep  1 09:51:19 2012 :: [*****] FILE: desert.are LINE: 8515
Sat Sep  1 09:51:19 2012 :: [*****] BOOT: load_room_reset: desert.are (1) 'G': object 33182 doesn't exist.
Sat Sep  1 09:51:19 2012 :: [*****] BUG: Get_obj_index: bad vnum 33168.
Sat Sep  1 09:51:19 2012 :: [*****] FILE: desert.are LINE: 8570
Sat Sep  1 09:51:19 2012 :: [*****] BOOT: load_room_reset: desert.are (1) 'E': object 33168 doesn't exist.
Sat Sep  1 09:51:19 2012 :: [*****] BUG: Get_obj_index: bad vnum 33169.
Sat Sep  1 09:51:19 2012 :: [*****] FILE: desert.are LINE: 8571
Sat Sep  1 09:51:19 2012 :: [*****] BOOT: load_room_reset: desert.are (1) 'E': object 33169 doesn't exist.
Sat Sep  1 09:51:19 2012 :: [*****] BUG: Get_obj_index: bad vnum 33123.
Sat Sep  1 09:51:19 2012 :: [*****] FILE: desert.are LINE: 8624
Sat Sep  1 09:51:19 2012 :: [*****] BOOT: load_room_reset: desert.are (1) 'E': object 33123 doesn't exist.
desert.are    : Rooms: 31000 - 31225 Objs: 31000 - 31063 Mobs: 31000 - 31034
Sat Sep  1 09:51:19 2012 :: Fixing exits
Sat Sep  1 09:51:19 2012 :: Initializing economy
Sat Sep  1 09:51:19 2012 :: Loading world state...
Sat Sep  1 09:51:19 2012 :: World state: loading mobs
Sat Sep  1 09:51:19 2012 :: World state: loading objs
Sat Sep  1 09:51:19 2012 :: Resetting areas
Sat Sep  1 09:51:19 2012 :: Loading buildlist
Sat Sep  1 09:51:19 2012 :: ../gods/Wulfen
Sat Sep  1 09:51:19 2012 :: ../gods/Shadwen
Sat Sep  1 09:51:19 2012 :: ../gods/Alyarta
Sat Sep  1 09:51:19 2012 :: ../gods/Zoie
Sat Sep  1 09:51:19 2012 :: ../gods/Chieftain
Sat Sep  1 09:51:19 2012 :: Loading boards
Sat Sep  1 09:51:19 2012 :: ../boards/immortal.brd
Sat Sep  1 09:51:19 2012 :: ../boards/highgod.brd
Sat Sep  1 09:51:19 2012 :: Loading Global Boards
Sat Sep  1 09:51:19 2012 :: Loading clans
Sat Sep  1 09:51:19 2012 :: Loading clans...
Sat Sep  1 09:51:19 2012 :: vampire.gui
Sat Sep  1 09:51:19 2012 :: Cannot open clan vault
Sat Sep  1 09:51:19 2012 :: druid.gui
Sat Sep  1 09:51:19 2012 :: Cannot open clan vault
Sat Sep  1 09:51:19 2012 :: warrior.gui
Sat Sep  1 09:51:19 2012 :: Cannot open clan vault
Sat Sep  1 09:51:19 2012 :: augurer.gui
Sat Sep  1 09:51:19 2012 :: Cannot open clan vault
Sat Sep  1 09:51:19 2012 :: thief.gui
Sat Sep  1 09:51:19 2012 :: Cannot open clan vault
Sat Sep  1 09:51:19 2012 :: cleric.gui
Sat Sep  1 09:51:19 2012 :: Cannot open clan vault
Sat Sep  1 09:51:19 2012 :: mage.gui
Sat Sep  1 09:51:19 2012 :: Cannot open clan vault
Sat Sep  1 09:51:19 2012 :: ranger.gui
Sat Sep  1 09:51:19 2012 :: Cannot open clan vault
Sat Sep  1 09:51:19 2012 :: $
Sat Sep  1 09:51:19 2012 ::  Done clans 
Sat Sep  1 09:51:19 2012 :: Loading councils
Sat Sep  1 09:51:19 2012 :: Loading councils...
Sat Sep  1 09:51:19 2012 :: $
Sat Sep  1 09:51:19 2012 ::  Done councils 
Sat Sep  1 09:51:19 2012 :: Loading deities
Sat Sep  1 09:51:19 2012 :: Loading deities...
Sat Sep  1 09:51:19 2012 :: the
Sat Sep  1 09:51:19 2012 :: [*****] BUG: Cannot load deity file: the
Sat Sep  1 09:51:19 2012 :: teacher
Sat Sep  1 09:51:19 2012 :: [*****] BUG: Cannot load deity file: teacher
Sat Sep  1 09:51:19 2012 :: $
Sat Sep  1 09:51:19 2012 ::  Done deities 
Sat Sep  1 09:51:19 2012 :: Loading watches
Sat Sep  1 09:51:19 2012 :: Loading bans
Sat Sep  1 09:51:19 2012 :: Done.
Sat Sep  1 09:51:19 2012 :: Loading reserved names
Sat Sep  1 09:51:19 2012 :: Loading corpses
Sat Sep  1 09:51:19 2012 :: Loading Immortal Hosts
Sat Sep  1 09:51:19 2012 :: Done.
Sat Sep  1 09:51:19 2012 :: Loading bounties
Sat Sep  1 09:51:19 2012 :: Done.
Sat Sep  1 09:51:19 2012 :: Loading Morphs
Sat Sep  1 09:51:19 2012 :: Done.
Sat Sep  1 09:51:19 2012 :: Initializing socket
Sat Sep  1 09:51:19 2012 :: Njata ready on port 6500.
Sat Sep  1 09:51:19 2012 :: Initiating hotboot recovery.
Sat Sep  1 09:51:19 2012 :: Loading player data for: Zoie (2K)
Sat Sep  1 09:51:19 2012 :: Creating area entry for Zoie
Sat Sep  1 09:51:19 2012 :: Hotboot recovery complete.
Sat Sep  1 09:54:12 2012 :: Zoie has quit (Room 436).
Sat Sep  1 14:57:21 2012 :: Preloading player data for: Zoie (2K)
Sat Sep  1 14:57:21 2012 :: Updating area entry for Zoie
Sat Sep  1 14:57:24 2012 :: Loading player data for: Zoie (2K)
Sat Sep  1 14:57:24 2012 :: Updating area entry for Zoie
Sat Sep  1 14:57:24 2012 :: Zoie (208.54.32.176) has connected.
Sat Sep  1 14:57:36 2012 :: Zoie has quit (Room 436).
Sat Sep  1 20:13:28 2012 :: EOF encountered on read.
Sat Sep  1 21:17:46 2012 :: Preloading player data for: Zoie (2K)
Sat Sep  1 21:17:46 2012 :: Updating area entry for Zoie
Sat Sep  1 21:17:46 2012 :: Loading player data for: Zoie (2K)
Sat Sep  1 21:17:46 2012 :: Updating area entry for Zoie
Sat Sep  1 21:17:46 2012 :: Zoie (72.223.91.114) has connected.
Sat Sep  1 21:18:05 2012 :: Log Zoie: shutdown mud now
Sat Sep  1 21:18:06 2012 :: Normal termination of game.
Sat Sep  1 21:18:06 2012 :: Cleaning up Memory.
Fish Names.
Fish.
Len:   3 Lnks:    2 Str: all
Total strings in hash 3: 1
Len:   4 Lnks:    2 Str: Zoie
Total strings in hash 4: 1
Len:   9 Lnks:    1 Str: Clockwork
Len:   9 Lnks:    1 Str: Chieftain
Total strings in hash 9: 2
Len:  11 Lnks:    1 Str: Development
Total strings in hash 11: 1
Len:  21 Lnks:    1 Str: Global Boards Are Go!
Total strings in hash 21: 1
Len:  24 Lnks:    1 Str: Mon Aug 20 03:32:51 2012
Len:  24 Lnks:    1 Str: Mon Aug 20 23:21:38 2012
Total strings in hash 24: 2
Len: 144 Lnks:    1 Str: We now have global boards! Enjoy!
 
In order to check the boards, use the gboards command.
 
To post on the boards, use the gnote command.

Total strings in hash 144: 1
Len: 303 Lnks:    1 Str: We're currently in development of the mud at this time.
This is a long and tedious process, as we have big pretentious ideas!
If you happen upon us while we're in the middle of all this,
please bear with our mess. We hope to have something incredible
when we're done. 
Thanks for checking us out!

Total strings in hash 303: 1
Project Data.
Reserved Names.
Ban Data.
Morph Data.
Commands.
Deities.
Clans.
Councils.
Socials.
Watches.
Helps.
Languages.
Boards.
Whacking supermob.
Objects.
Characters.
Descriptors.
Liquid Table.
Races.
Classes.
Teleport Data.
Area Data Tables.
Planes.
Auction.
MSSP Info.
System data.
Title table.
Skills and Herbs.
Mudprog act lists.
Specfun lists.
Globals.
Checking string hash for leftovers.
Cleanup complete, exiting.
